Removed Member From Class: ClassName=universal driver v2 Member=C14
Removed Member From Class: ClassName=universal driver v2 Member=C16
Removed Member From Class: ClassName=universal driver v2 Member=R22
Removed Member From Class: ClassName=universal driver v2 Member=R47
Removed Member From Class: ClassName=universal driver v2 Member=R48
Change Component Designator: OldDesignator=C2 NewDesignator=C5
Change Component Designator: OldDesignator=C3 NewDesignator=C10
Change Component Designator: OldDesignator=C4 NewDesignator=C2
Change Component Designator: OldDesignator=C5 NewDesignator=C3
Change Component Designator: OldDesignator=C6 NewDesignator=C4
Change Component Designator: OldDesignator=C7 NewDesignator=C9
Change Component Designator: OldDesignator=C8 NewDesignator=C11
Change Component Designator: OldDesignator=C9 NewDesignator=C12
Change Component Designator: OldDesignator=C10 NewDesignator=C7
Change Component Designator: OldDesignator=C14 NewDesignator=C6
Change Component Designator: OldDesignator=C16 NewDesignator=C8
Change Component Designator: OldDesignator=D3 NewDesignator=D2
Change Component Designator: OldDesignator=D11 NewDesignator=D3
Change Component Designator: OldDesignator=DD3 NewDesignator=DD1
Change Component Designator: OldDesignator=R1 NewDesignator=R6
Change Component Designator: OldDesignator=R2 NewDesignator=R7
Change Component Designator: OldDesignator=R3 NewDesignator=R8
Change Component Designator: OldDesignator=R4 NewDesignator=R9
Change Component Designator: OldDesignator=R9 NewDesignator=R1
Change Component Designator: OldDesignator=R10 NewDesignator=R2
Change Component Designator: OldDesignator=R11 NewDesignator=R3
Change Component Designator: OldDesignator=R22 NewDesignator=R4
Change Component Designator: OldDesignator=R23 NewDesignator=R5
Change Component Designator: OldDesignator=R43 NewDesignator=R12
Change Component Designator: OldDesignator=R47 NewDesignator=R10
Change Component Designator: OldDesignator=R48 NewDesignator=R11
Change Component Designator: OldDesignator=R49 NewDesignator=R13
Change Component Designator: OldDesignator=U NewDesignator=U2
Change Component Designator: OldDesignator=X2 NewDesignator=X1
Change Component Designator: OldDesignator=XP2 NewDesignator=XP1
Change Net Name : Old Net Name=NetC2_2 New Net Name=NetC5_2
Change Net Name : Old Net Name=NetC5_1 New Net Name=NetC3_1
Change Net Name : Old Net Name=NetC10_2 New Net Name=NetC7_2
Change Net Name : Old Net Name=NetC14_2 New Net Name=NetC6_2
Change Net Name : Old Net Name=NetD11_2 New Net Name=NetD3_2
Change Net Name : Old Net Name=NetD11_3 New Net Name=NetD3_3
Change Net Name : Old Net Name=NetD11_4 New Net Name=NetD3_4
Change Net Name : Old Net Name=NetDD3_1 New Net Name=NetDD1_1
Change Net Name : Old Net Name=NetDD3_2 New Net Name=NetDD1_2
Change Net Name : Old Net Name=NetDD3_4 New Net Name=NetDD1_4
Change Net Name : Old Net Name=NetDD3_6 New Net Name=NetDD1_6
Change Net Name : Old Net Name=NetDD3_7 New Net Name=NetDD1_7
Change Net Name : Old Net Name=NetR2_1 New Net Name=NetR7_1
Change Net Name : Old Net Name=NetR4_1 New Net Name=NetR9_1
Change Net Name : Old Net Name=NetR9_1 New Net Name=NetR1_1
Change Net Name : Old Net Name=NetR43_1 New Net Name=NetR12_1
Change Net Name : Old Net Name=NetR47_1 New Net Name=NetR10_1
Change Net Name : Old Net Name=NetR48_1 New Net Name=NetR11_1
Change Net Name : Old Net Name=NetR49_1 New Net Name=NetR13_1
Change Net Name : Old Net Name=NetU_34 New Net Name=NetU2_34
Change Net Name : Old Net Name=NetU_37 New Net Name=NetU2_37
Added Member To Class: ClassName=universal driver v2 Member=Component C11 0.1uF
Added Member To Class: ClassName=universal driver v2 Member=Component C12 0.1uF
Added Member To Class: ClassName=universal driver v2 Member=Component R6 10K
Added Member To Class: ClassName=universal driver v2 Member=Component R7 10
Added Member To Class: ClassName=universal driver v2 Member=Component R8 10K
Added Room: Name=universal driver v2
