Removed Pin From Net: NetName=+5v Pin=1-3
Removed Pin From Net: NetName=485_B Pin=J1-2
Removed Pin From Net: NetName=485_A Pin=J1-3
Removed Pin From Net: NetName=485_A Pin=J1-4
Removed Pin From Net: NetName=GND_ISO Pin=J1-7
Removed Member From Class: ClassName=universal driver v2 Member=1
Change Component Footprint: Designator=J1 Old Footprint=CONNFLY_DS1013-10SSIB1 New Footprint=ASSMANN_A-2004-2-4-LPS-N-R
Change Component Comment : Designator=J1 Old Comment=DS1013-10SSIB1 New Comment=A-2004-2-4-LPS-N-R
Change component parameters: Designator = "J1" ("J1"); Footprint = "CONNFLY_DS1013-10SSIB1"; UniqueID = "\CXAEDWWC" ("\CXAEDWWC")
Change component parameters (AddParameter): Name = "Availability"; Value = "Unavailable"; VariantName = "[No Variations]"
Change component parameters (AddParameter): Name = "MF"; Value = "Assmann WSW"; VariantName = "[No Variations]"
Change component parameters (AddParameter): Name = "MP"; Value = "A-2004-2-4-LPS-N-R"; VariantName = "[No Variations]"
Change component parameters (AddParameter): Name = "Package"; Value = "None"; VariantName = "[No Variations]"
Change component parameters (AddParameter): Name = "Price"; Value = "None"; VariantName = "[No Variations]"
Change component parameters (AddParameter): Name = "SnapEDA_Link"; Value = "https://www.snapeda.com/parts/A-2004-2-4-LPS-N-R/Assmann%20WSW%20Components/view-part/454861/?ref=snap"; VariantName = "[No Variations]"
Change component parameters (AddParameter): Name = "Value"; Value = ""; VariantName = "[No Variations]"
Added Component: Designator=D4(3.2X1.6X1.1)
Add component (AddParameter): Name = "LatestRevisionDate"; Value = "17-Jul-2002"; VariantName = "[No Variations]"
Add component (AddParameter): Name = "LatestRevisionNote"; Value = "Re-released for DXP Platform."; VariantName = "[No Variations]"
Add component (AddParameter): Name = "PackageDescription"; Value = "SM LED; 2 Flat Leads"; VariantName = "[No Variations]"
Add component (AddParameter): Name = "PackageReference"; Value = "3.2X1.6X1.1"; VariantName = "[No Variations]"
Add component (AddParameter): Name = "PackageVersion"; Value = "Feb-2002"; VariantName = "[No Variations]"
Add component (AddParameter): Name = "Published"; Value = "8-Jun-2000"; VariantName = "[No Variations]"
Add component (AddParameter): Name = "Publisher"; Value = "Altium Limited"; VariantName = "[No Variations]"
Added Component: Designator=J2(ASSMANN_A-2004-2-4-LPS-N-R)
Add component (AddParameter): Name = "Availability"; Value = "Unavailable"; VariantName = "[No Variations]"
Add component (AddParameter): Name = "MF"; Value = "Assmann WSW"; VariantName = "[No Variations]"
Add component (AddParameter): Name = "MP"; Value = "A-2004-2-4-LPS-N-R"; VariantName = "[No Variations]"
Add component (AddParameter): Name = "Package"; Value = "None"; VariantName = "[No Variations]"
Add component (AddParameter): Name = "Price"; Value = "None"; VariantName = "[No Variations]"
Add component (AddParameter): Name = "SnapEDA_Link"; Value = "https://www.snapeda.com/parts/A-2004-2-4-LPS-N-R/Assmann%20WSW%20Components/view-part/454861/?ref=snap"; VariantName = "[No Variations]"
Add component (AddParameter): Name = "Value"; Value = ""; VariantName = "[No Variations]"
Added Component: Designator=P1(HDR1X3)
Add component (AddParameter): Name = "LatestRevisionDate"; Value = "17-Jul-2002"; VariantName = "[No Variations]"
Add component (AddParameter): Name = "LatestRevisionNote"; Value = "Re-released for DXP Platform."; VariantName = "[No Variations]"
Add component (AddParameter): Name = "Publisher"; Value = "Altium Limited"; VariantName = "[No Variations]"
Added Component: Designator=R14(Resistor 0805)
Add component (AddParameter): Name = "Value"; Value = ""; VariantName = "[No Variations]"
Added Pin To Net: NetName=GND_ISO Pin=C3-1
Added Pin To Net: NetName=GND Pin=C5-1
Added Pin To Net: NetName=GND_ISO Pin=ISO1-9
Added Pin To Net: NetName=GND_ISO Pin=ISO1-15
Added Pin To Net: NetName=485_A Pin=J1-2
Added Pin To Net: NetName=GND_ISO Pin=J1-3
Added Pin To Net: NetName=GND_ISO Pin=J1-S1
Added Pin To Net: NetName=GND_ISO Pin=J1-S2
Added Pin To Net: NetName=485_B Pin=J2-1
Added Pin To Net: NetName=485_A Pin=J2-2
Added Pin To Net: NetName=GND_ISO Pin=J2-3
Added Pin To Net: NetName=GND_ISO Pin=J2-S1
Added Pin To Net: NetName=GND_ISO Pin=J2-S2
Added Pin To Net: NetName=GND Pin=P1-2
Added Pin To Net: NetName=+5v Pin=P1-3
Added Pin To Net: NetName=GND Pin=R6-1
Change Net Name : Old Net Name=GND New Net Name=AGND
Added Pin To Net: NetName=+5v_RJ Pin=J1-4
Added Pin To Net: NetName=+5v_RJ Pin=J2-4
Added Net: Name=+5v_RJ
Added Pin To Net: NetName=+24 Pin=D4-1
Added Pin To Net: NetName=+24 Pin=J1-7
Added Pin To Net: NetName=+24 Pin=J2-7
Added Pin To Net: NetName=+24 Pin=PS1-2
Added Net: Name=+24
Added Pin To Net: NetName=GND_24 Pin=J1-8
Added Pin To Net: NetName=GND_24 Pin=J2-8
Added Pin To Net: NetName=GND_24 Pin=PS1-1
Added Pin To Net: NetName=GND_24 Pin=R14-2
Added Net: Name=GND_24
Added Pin To Net: NetName=NetD4_2 Pin=D4-2
Added Pin To Net: NetName=NetD4_2 Pin=R14-1
Added Net: Name=NetD4_2
Added Pin To Net: NetName=NetJ1_5 Pin=J1-5
Added Pin To Net: NetName=NetJ1_5 Pin=J2-5
Added Net: Name=NetJ1_5
Added Pin To Net: NetName=NetJ1_6 Pin=J1-6
Added Pin To Net: NetName=NetJ1_6 Pin=J2-6
Added Net: Name=NetJ1_6
Added Pin To Net: NetName=NetP1_1 Pin=P1-1
Added Pin To Net: NetName=NetP1_1 Pin=R6-2
Added Pin To Net: NetName=NetP1_1 Pin=R8-2
Added Net: Name=NetP1_1
Added Member To Class: ClassName=universal driver v2 Member=Component D4 LED2
Added Member To Class: ClassName=universal driver v2 Member=Component J2 A-2004-2-4-LPS-N-R
Added Member To Class: ClassName=universal driver v2 Member=Component P1 Header 3
Added Member To Class: ClassName=universal driver v2 Member=Component R14 10K
